<?xml version="1.0" encoding="UTF-8"?>
<!-- Generated by org.testng.reporters.JUnitReportReporter -->
<testsuite skipped="0" hostname="LAPTOP-GTA19E4Q" name="Test01_GET" tests="2" failures="0" timestamp="2020-08-11T14:09:43 CEST" time="6.773" errors="0">
  <testcase name="test_01" time="4.307" classname="Test01_GET"/>
  <system-out/>
  <testcase name="test_02" time="2.466" classname="Test01_GET"/>
  <system-out/>
</testsuite> <!-- Test01_GET -->
