<?xml version="1.0" encoding="UTF-8"?>
<!-- Generated by org.testng.reporters.JUnitReportReporter -->
<testsuite skipped="0" hostname="LAPTOP-GTA19E4Q" name="data.driven.tests.Tests_ZDataDrivenExamples1" tests="1" failures="0" timestamp="2020-08-12T00:06:46 CEST" time="3.480" errors="0">
  <testcase name="test_2_delete" time="3.480" classname="data.driven.tests.Tests_ZDataDrivenExamples1"/>
  <system-out/>
</testsuite> <!-- data.driven.tests.Tests_ZDataDrivenExamples1 -->
