<?xml version="1.0" encoding="UTF-8"?>
<!-- Generated by org.testng.reporters.JUnitReportReporter -->
<testsuite skipped="0" hostname="LAPTOP-GTA19E4Q" name="Tests_GET" tests="1" failures="0" timestamp="2020-08-11T15:12:04 CEST" time="4.625" errors="0">
  <testcase name="test_1" time="4.625" classname="Tests_GET"/>
  <system-out/>
</testsuite> <!-- Tests_GET -->
