<?xml version="1.0" encoding="UTF-8"?>
<!-- Generated by org.testng.reporters.JUnitReportReporter -->
<testsuite skipped="0" hostname="LAPTOP-GTA19E4Q" name="Tests_ZDataDrivenExamples1" tests="2" failures="0" timestamp="2020-08-11T23:36:52 CEST" time="2.619" errors="0">
  <testcase name="test_1_delete" time="2.590" classname="Tests_ZDataDrivenExamples1"/>
  <system-out/>
  <testcase name="test_1_delete" time="0.029" classname="Tests_ZDataDrivenExamples1"/>
  <system-out/>
</testsuite> <!-- Tests_ZDataDrivenExamples1 -->
