<?xml version="1.0" encoding="UTF-8"?>
<!-- Generated by org.testng.reporters.JUnitReportReporter -->
<testsuite skipped="0" hostname="LAPTOP-GTA19E4Q" name="Testes_POST" tests="4" failures="0" timestamp="2020-08-11T16:38:53 CEST" time="4.598" errors="0">
  <testcase name="test_1_patch" time="0.535" classname="Testes_POST"/>
  <system-out/>
  <testcase name="test_1_delete" time="3.601" classname="Testes_POST"/>
  <system-out/>
  <testcase name="test_1_put" time="0.244" classname="Testes_POST"/>
  <system-out/>
  <testcase name="test_1_post" time="0.218" classname="Testes_POST"/>
  <system-out/>
</testsuite> <!-- Testes_POST -->
